New log file opened at Sat Nov 25 12:04:02 CET 2017 by 8444@Michi-PC
jvm 8444@Michi-PC
jvm vmName=Java HotSpot(TM) 64-Bit Server VM vmVendor=Oracle Corporation vmVersion=25.101-b13
jvm specName=Java Virtual Machine Specification specVendor=Oracle Corporation specVersion=1.8
jvm arguments: [-Xms256m, -Xmx1024m, -XX:MetaspaceSize=64m, -XX:MaxMetaspaceSize=256m]
Starting event engine
Starting sbt command engine
Waiting for sbt command engine
Command engine arguments=List()
Command engine baseDirectory=C:\Users\Michi\Desktop\SEM 5-7\Web-Technologie\WebTech
Command engine initial remaining commands List(--initialize, onFailure load-failed, boot, server-send-ready-for-request, server-handle-next-server-request)
> --initialize
> initialize
> onFailure load-failed
> boot
> reload
[Loading] Scanning directory C:\Users\Michi\Desktop\SEM 5-7\Web-Technologie\WebTech\project
[Loading] Found non-root projects 
[Loading] Done in C:\Users\Michi\Desktop\SEM 5-7\Web-Technologie\WebTech\project, returning: ()
deducing auto plugins based on known facts Set(Atom(sbt.plugins.CorePlugin)) and clauses Clauses(List(Clause(Atom(sbt.plugins.JvmPlugin),Set(Atom(sbt.plugins.IvyPlugin))), Clause(Atom(sbt.plugins.JUnitXmlReportPlugin),Set(Atom(sbt.plugins.JvmPlugin))), Clause(Atom(sbt.plugins.CorePlugin),Set(Atom(sbt.plugins.IvyPlugin))), Clause(Atom(sbt.plugins.IvyPlugin),Set(Atom(sbt.plugins.JvmPlugin))), Clause(Atom(sbt.plugins.JvmPlugin),Set(Atom(sbt.plugins.JUnitXmlReportPlugin)))))
  :: deduced result: Matched(sbt.plugins.CorePlugin,sbt.plugins.IvyPlugin,sbt.plugins.JvmPlugin,sbt.plugins.JUnitXmlReportPlugin)
sorting: ns: List(sbt.plugins.CorePlugin, sbt.plugins.IvyPlugin, sbt.plugins.JvmPlugin, sbt.plugins.JUnitXmlReportPlugin)
  :: sorting:: found: List(sbt.plugins.CorePlugin) not found List(sbt.plugins.IvyPlugin, sbt.plugins.JvmPlugin, sbt.plugins.JUnitXmlReportPlugin)
  :: sorting:: found: List(sbt.plugins.CorePlugin, sbt.plugins.IvyPlugin) not found List(sbt.plugins.JvmPlugin, sbt.plugins.JUnitXmlReportPlugin)
  :: sorting:: found: List(sbt.plugins.CorePlugin, sbt.plugins.IvyPlugin, sbt.plugins.JvmPlugin) not found List(sbt.plugins.JUnitXmlReportPlugin)
  :: sorting:: found: List(sbt.plugins.CorePlugin, sbt.plugins.IvyPlugin, sbt.plugins.JvmPlugin, sbt.plugins.JUnitXmlReportPlugin) not found List()
  :: sorted deduced result: List(sbt.plugins.CorePlugin, sbt.plugins.IvyPlugin, sbt.plugins.JvmPlugin, sbt.plugins.JUnitXmlReportPlugin)
[Loading] Done in C:\Users\Michi\Desktop\SEM 5-7\Web-Technologie\WebTech\project, returning: (webtech-build)
Loading project definition from C:\Users\Michi\Desktop\SEM 5-7\Web-Technologie\WebTech\project
Running task... Cancel: sbt.TaskCancellationStrategy$Null$@70c604f5, check cycles: false

Initial source changes: 
	removed:Set()
	added: Set()
	modified: Set()
Removed products: Set()
External API changes: API Changes: Set()
Modified binary dependencies: Set()
Initial directly invalidated sources: Set()

Sources indirectly invalidated by:
	product: Set()
	binary dep: Set()
	external source: Set()
All initially invalidated sources: Set()

Copy resource mappings: 
	
[Loading] Scanning directory C:\Users\Michi\Desktop\SEM 5-7\Web-Technologie\WebTech
[Loading] Found root project root w/ remaining 
deducing auto plugins based on known facts Set(Atom(play.PlayJava), Atom(sbt.plugins.CorePlugin)) and clauses Clauses(List(Clause(Atom(sbt.plugins.JvmPlugin),Set(Atom(sbt.plugins.IvyPlugin))), Clause(Atom(sbt.plugins.JUnitXmlReportPlugin),Set(Atom(sbt.plugins.JvmPlugin))), Clause(Atom(play.sbt.forkrun.PlayForkRun),Set(Atom(sbt.plugins.BackgroundRunPlugin))), Clause(Atom(play.sbt.forkrun.PlayForkRun),Set(Atom(play.Play))), Clause(Atom(play.sbt.forkrun.PlayForkRun),Set(Atom(sbt.plugins.SerializersPlugin))), Clause(Atom(play.Play),Set(Atom(com.typesafe.sbt.webdriver.SbtWebDriver))), Clause(Atom(play.Play),Set(Atom(play.twirl.sbt.SbtTwirl))), Clause(Atom(play.Play),Set(Atom(com.typesafe.sbt.jse.SbtJsTask))), Clause(Atom(play.PlayJava),Set(Atom(play.Play))), Clause(Atom(play.PlayScala),Set(Atom(play.Play))), Clause(Atom(play.twirl.sbt.SbtTwirl),Set(Atom(sbt.plugins.JvmPlugin))), Clause(Atom(com.typesafe.sbt.jse.SbtJsEngine),Set(Atom(com.typesafe.sbt.web.SbtWeb))), Clause(Atom(com.typesafe.sbt.jse.SbtJsTask),Set(Atom(com.typesafe.sbt.jse.SbtJsEngine))), Clause(Atom(com.typesafe.sbt.webdriver.SbtWebDriver),Set(Atom(com.typesafe.sbt.web.SbtWeb))), Clause(Atom(sbt.plugins.BackgroundRunPlugin),Set(Atom(sbt.plugins.JvmPlugin))), Clause(Atom(sbt.plugins.CorePlugin),Set(Atom(sbt.plugins.IvyPlugin))), Clause(Atom(sbt.plugins.IvyPlugin),Set(Atom(sbt.plugins.JvmPlugin))), Clause(Atom(sbt.plugins.JvmPlugin),Set(Atom(sbt.plugins.JUnitXmlReportPlugin))), Clause(And(Set(Atom(sbt.plugins.BackgroundRunPlugin), Atom(play.Play), Atom(sbt.plugins.SerializersPlugin))),Set(Atom(play.sbt.forkrun.PlayForkRun))), Clause(Atom(com.typesafe.sbt.web.SbtWeb),Set(Atom(com.typesafe.sbt.jse.SbtJsEngine))), Clause(Atom(com.typesafe.sbt.jse.SbtJsEngine),Set(Atom(com.typesafe.sbt.jse.SbtJsTask))), Clause(Atom(com.typesafe.sbt.web.SbtWeb),Set(Atom(com.typesafe.sbt.webdriver.SbtWebDriver))), Clause(Atom(sbt.plugins.JvmPlugin),Set(Atom(sbt.plugins.BackgroundRunPlugin))), Clause(Atom(sbt.plugins.CorePlugin),Set(Atom(sbt.plugins.InteractionServicePlugin))), Clause(Atom(sbt.plugins.CorePlugin),Set(Atom(sbt.plugins.SendEventServicePlugin))), Clause(Atom(sbt.plugins.CorePlugin),Set(Atom(sbt.plugins.SerializersPlugin)))))
  :: deduced result: Matched(sbt.plugins.CorePlugin,play.PlayJava,sbt.plugins.InteractionServicePlugin,sbt.plugins.SendEventServicePlugin,play.Play,sbt.plugins.SerializersPlugin,sbt.plugins.IvyPlugin,sbt.plugins.JvmPlugin,com.typesafe.sbt.jse.SbtJsTask,play.twirl.sbt.SbtTwirl,com.typesafe.sbt.webdriver.SbtWebDriver,sbt.plugins.BackgroundRunPlugin,sbt.plugins.JUnitXmlReportPlugin,com.typesafe.sbt.web.SbtWeb,com.typesafe.sbt.jse.SbtJsEngine,play.sbt.forkrun.PlayForkRun)
sorting: ns: List(sbt.plugins.CorePlugin, play.PlayJava, sbt.plugins.InteractionServicePlugin, sbt.plugins.SendEventServicePlugin, play.Play, sbt.plugins.SerializersPlugin, sbt.plugins.IvyPlugin, sbt.plugins.JvmPlugin, com.typesafe.sbt.jse.SbtJsTask, play.twirl.sbt.SbtTwirl, com.typesafe.sbt.webdriver.SbtWebDriver, sbt.plugins.BackgroundRunPlugin, sbt.plugins.JUnitXmlReportPlugin, com.typesafe.sbt.web.SbtWeb, com.typesafe.sbt.jse.SbtJsEngine, play.sbt.forkrun.PlayForkRun)
  :: sorting:: found: List(sbt.plugins.CorePlugin, com.typesafe.sbt.web.SbtWeb) not found List(play.PlayJava, sbt.plugins.InteractionServicePlugin, sbt.plugins.SendEventServicePlugin, play.Play, sbt.plugins.SerializersPlugin, sbt.plugins.IvyPlugin, sbt.plugins.JvmPlugin, com.typesafe.sbt.jse.SbtJsTask, play.twirl.sbt.SbtTwirl, com.typesafe.sbt.webdriver.SbtWebDriver, sbt.plugins.BackgroundRunPlugin, sbt.plugins.JUnitXmlReportPlugin, com.typesafe.sbt.jse.SbtJsEngine, play.sbt.forkrun.PlayForkRun)
  :: sorting:: found: List(sbt.plugins.CorePlugin, com.typesafe.sbt.web.SbtWeb, sbt.plugins.InteractionServicePlugin, sbt.plugins.SendEventServicePlugin, sbt.plugins.SerializersPlugin, sbt.plugins.IvyPlugin, com.typesafe.sbt.webdriver.SbtWebDriver, com.typesafe.sbt.jse.SbtJsEngine) not found List(play.PlayJava, play.Play, sbt.plugins.JvmPlugin, com.typesafe.sbt.jse.SbtJsTask, play.twirl.sbt.SbtTwirl, sbt.plugins.BackgroundRunPlugin, sbt.plugins.JUnitXmlReportPlugin, play.sbt.forkrun.PlayForkRun)
  :: sorting:: found: List(sbt.plugins.CorePlugin, com.typesafe.sbt.web.SbtWeb, sbt.plugins.InteractionServicePlugin, sbt.plugins.SendEventServicePlugin, sbt.plugins.SerializersPlugin, sbt.plugins.IvyPlugin, com.typesafe.sbt.webdriver.SbtWebDriver, com.typesafe.sbt.jse.SbtJsEngine, sbt.plugins.JvmPlugin, com.typesafe.sbt.jse.SbtJsTask) not found List(play.PlayJava, play.Play, play.twirl.sbt.SbtTwirl, sbt.plugins.BackgroundRunPlugin, sbt.plugins.JUnitXmlReportPlugin, play.sbt.forkrun.PlayForkRun)
  :: sorting:: found: List(sbt.plugins.CorePlugin, com.typesafe.sbt.web.SbtWeb, sbt.plugins.InteractionServicePlugin, sbt.plugins.SendEventServicePlugin, sbt.plugins.SerializersPlugin, sbt.plugins.IvyPlugin, com.typesafe.sbt.webdriver.SbtWebDriver, com.typesafe.sbt.jse.SbtJsEngine, sbt.plugins.JvmPlugin, com.typesafe.sbt.jse.SbtJsTask, play.twirl.sbt.SbtTwirl, sbt.plugins.BackgroundRunPlugin, sbt.plugins.JUnitXmlReportPlugin) not found List(play.PlayJava, play.Play, play.sbt.forkrun.PlayForkRun)
  :: sorting:: found: List(sbt.plugins.CorePlugin, com.typesafe.sbt.web.SbtWeb, sbt.plugins.InteractionServicePlugin, sbt.plugins.SendEventServicePlugin, sbt.plugins.SerializersPlugin, sbt.plugins.IvyPlugin, com.typesafe.sbt.webdriver.SbtWebDriver, com.typesafe.sbt.jse.SbtJsEngine, sbt.plugins.JvmPlugin, com.typesafe.sbt.jse.SbtJsTask, play.twirl.sbt.SbtTwirl, sbt.plugins.BackgroundRunPlugin, sbt.plugins.JUnitXmlReportPlugin, play.Play) not found List(play.PlayJava, play.sbt.forkrun.PlayForkRun)
  :: sorting:: found: List(sbt.plugins.CorePlugin, com.typesafe.sbt.web.SbtWeb, sbt.plugins.InteractionServicePlugin, sbt.plugins.SendEventServicePlugin, sbt.plugins.SerializersPlugin, sbt.plugins.IvyPlugin, com.typesafe.sbt.webdriver.SbtWebDriver, com.typesafe.sbt.jse.SbtJsEngine, sbt.plugins.JvmPlugin, com.typesafe.sbt.jse.SbtJsTask, play.twirl.sbt.SbtTwirl, sbt.plugins.BackgroundRunPlugin, sbt.plugins.JUnitXmlReportPlugin, play.Play, play.PlayJava, play.sbt.forkrun.PlayForkRun) not found List()
  :: sorted deduced result: List(sbt.plugins.CorePlugin, com.typesafe.sbt.web.SbtWeb, sbt.plugins.InteractionServicePlugin, sbt.plugins.SendEventServicePlugin, sbt.plugins.SerializersPlugin, sbt.plugins.IvyPlugin, com.typesafe.sbt.webdriver.SbtWebDriver, com.typesafe.sbt.jse.SbtJsEngine, sbt.plugins.JvmPlugin, com.typesafe.sbt.jse.SbtJsTask, play.twirl.sbt.SbtTwirl, sbt.plugins.BackgroundRunPlugin, sbt.plugins.JUnitXmlReportPlugin, play.Play, play.PlayJava, play.sbt.forkrun.PlayForkRun)
[Loading] Done in C:\Users\Michi\Desktop\SEM 5-7\Web-Technologie\WebTech, returning: (root)
Set current project to hello-play-java (in build file:/C:/Users/Michi/Desktop/SEM%205-7/Web-Technologie/WebTech/)
Reapplying settings...
Set current project to hello-play-java (in build file:/C:/Users/Michi/Desktop/SEM%205-7/Web-Technologie/WebTech/)
> iflast shell
> server-send-ready-for-request
> server-handle-next-server-request
> {file:/C:/Users/Michi/Desktop/SEM%205-7/Web-Technologie/WebTech/}root/compile:discoveredMainClasses
Evaluating tasks: compile:discoveredMainClasses
Running task... Cancel: sbt.server.ServerTaskCancellation@2c4de199, check cycles: false

Initial source changes: 
	removed:Set()
	added: Set()
	modified: Set()
Removed products: Set()
External API changes: API Changes: Set()
Modified binary dependencies: Set()
Initial directly invalidated sources: Set()

Sources indirectly invalidated by:
	product: Set()
	binary dep: Set()
	external source: Set()
All initially invalidated sources: Set()

Total time: 2 s, completed 25.11.2017 12:04:24
> server-post-command-cleanup
> server-handle-next-server-request
> {file:/C:/Users/Michi/Desktop/SEM%205-7/Web-Technologie/WebTech/}root/compile:mainClass
Evaluating tasks: compile:mainClass
Running task... Cancel: sbt.server.ServerTaskCancellation@4bb890fb, check cycles: false
Total time: 0 s, completed 25.11.2017 12:04:25
> server-post-command-cleanup
> server-handle-next-server-request
> {file:/C:/Users/Michi/Desktop/SEM%205-7/Web-Technologie/WebTech/}root/compile:discoveredMainClasses
Evaluating tasks: compile:discoveredMainClasses
Running task... Cancel: sbt.server.ServerTaskCancellation@754e20fc, check cycles: false

Initial source changes: 
	removed:Set()
	added: Set()
	modified: Set()
Removed products: Set()
External API changes: API Changes: Set()
Modified binary dependencies: Set()
Initial directly invalidated sources: Set()

Sources indirectly invalidated by:
	product: Set()
	binary dep: Set()
	external source: Set()
All initially invalidated sources: Set()

Total time: 1 s, completed 25.11.2017 12:04:25
> server-post-command-cleanup
> server-handle-next-server-request
> {file:/C:/Users/Michi/Desktop/SEM%205-7/Web-Technologie/WebTech/}root/compile:mainClass
Evaluating tasks: compile:mainClass
Running task... Cancel: sbt.server.ServerTaskCancellation@45b70374, check cycles: false
Total time: 0 s, completed 25.11.2017 12:04:26
> server-post-command-cleanup
> server-handle-next-server-request
> backgroundRun
Evaluating tasks: compile:backgroundRun
Running task... Cancel: sbt.server.ServerTaskCancellation@5aeb92df, check cycles: false
Total time: 0 s, completed 25.11.2017 12:04:51
> server-post-command-cleanup
> server-handle-next-server-request
> {file:/C:/Users/Michi/Desktop/SEM%205-7/Web-Technologie/WebTech/}root/*:playForkConfig
Evaluating tasks: *:playForkConfig
Running task... Cancel: sbt.server.ServerTaskCancellation@3def47d3, check cycles: false
Total time: 1 s, completed 25.11.2017 12:04:55
> server-post-command-cleanup
> server-handle-next-server-request
> root/playForkNotifyStart http://localhost:9000
Evaluating tasks: *:playForkNotifyStart
Running task... Cancel: sbt.server.ServerTaskCancellation@745ef348, check cycles: false
Total time: 0 s, completed 25.11.2017 12:04:57
> server-post-command-cleanup
> server-handle-next-server-request
> {file:/C:/Users/Michi/Desktop/SEM%205-7/Web-Technologie/WebTech/}root/*:playForkReload
Evaluating tasks: *:playForkReload
Running task... Cancel: sbt.server.ServerTaskCancellation@4befd65a, check cycles: false

Initial source changes: 
	removed:Set()
	added: Set()
	modified: Set()
Removed products: Set()
External API changes: API Changes: Set()
Modified binary dependencies: Set()
Initial directly invalidated sources: Set()

Sources indirectly invalidated by:
	product: Set()
	binary dep: Set()
	external source: Set()
All initially invalidated sources: Set()

Copy resource mappings: 
	(C:\Users\Michi\Desktop\SEM 5-7\Web-Technologie\WebTech\conf\application.conf,C:\Users\Michi\Desktop\SEM 5-7\Web-Technologie\WebTech\target\scala-2.10\classes\application.conf)
	(C:\Users\Michi\Desktop\SEM 5-7\Web-Technologie\WebTech\conf\routes,C:\Users\Michi\Desktop\SEM 5-7\Web-Technologie\WebTech\target\scala-2.10\classes\routes)
Total time: 2 s, completed 25.11.2017 12:05:03
> server-post-command-cleanup
> server-handle-next-server-request
> jobStop 1
Evaluating tasks: *:jobStop
Running task... Cancel: sbt.server.ServerTaskCancellation@72ca3951, check cycles: false
Total time: 0 s, completed 25.11.2017 12:06:35
> server-post-command-cleanup
> server-handle-next-server-request
> backgroundRun
Evaluating tasks: compile:backgroundRun
Running task... Cancel: sbt.server.ServerTaskCancellation@444c408a, check cycles: false
Total time: 0 s, completed 25.11.2017 12:06:42
> server-post-command-cleanup
> server-handle-next-server-request
> {file:/C:/Users/Michi/Desktop/SEM%205-7/Web-Technologie/WebTech/}root/*:playForkConfig
Evaluating tasks: *:playForkConfig
Running task... Cancel: sbt.server.ServerTaskCancellation@bc23362, check cycles: false
Total time: 1 s, completed 25.11.2017 12:06:46
> server-post-command-cleanup
> server-handle-next-server-request
> root/playForkNotifyStart http://localhost:9000
Evaluating tasks: *:playForkNotifyStart
Running task... Cancel: sbt.server.ServerTaskCancellation@7460672c, check cycles: false
Total time: 0 s, completed 25.11.2017 12:06:47
> server-post-command-cleanup
> server-handle-next-server-request
> {file:/C:/Users/Michi/Desktop/SEM%205-7/Web-Technologie/WebTech/}root/*:playForkReload
Evaluating tasks: *:playForkReload
Running task... Cancel: sbt.server.ServerTaskCancellation@5a5aba7f, check cycles: false

Initial source changes: 
	removed:Set()
	added: Set()
	modified: Set()
Removed products: Set()
External API changes: API Changes: Set()
Modified binary dependencies: Set()
Initial directly invalidated sources: Set()

Sources indirectly invalidated by:
	product: Set()
	binary dep: Set()
	external source: Set()
All initially invalidated sources: Set()

Copy resource mappings: 
	(C:\Users\Michi\Desktop\SEM 5-7\Web-Technologie\WebTech\conf\application.conf,C:\Users\Michi\Desktop\SEM 5-7\Web-Technologie\WebTech\target\scala-2.10\classes\application.conf)
	(C:\Users\Michi\Desktop\SEM 5-7\Web-Technologie\WebTech\conf\routes,C:\Users\Michi\Desktop\SEM 5-7\Web-Technologie\WebTech\target\scala-2.10\classes\routes)
Total time: 1 s, completed 25.11.2017 12:06:49
> server-post-command-cleanup
> server-handle-next-server-request
> jobStop 2
Evaluating tasks: *:jobStop
Running task... Cancel: sbt.server.ServerTaskCancellation@7d88153a, check cycles: false
Total time: 0 s, completed 25.11.2017 12:15:24
> server-post-command-cleanup
> server-handle-next-server-request
> backgroundRun
Evaluating tasks: compile:backgroundRun
Running task... Cancel: sbt.server.ServerTaskCancellation@5551e53c, check cycles: false
Total time: 0 s, completed 25.11.2017 12:15:45
> server-post-command-cleanup
> server-handle-next-server-request
> {file:/C:/Users/Michi/Desktop/SEM%205-7/Web-Technologie/WebTech/}root/*:playForkConfig
Evaluating tasks: *:playForkConfig
Running task... Cancel: sbt.server.ServerTaskCancellation@62f47182, check cycles: false
Total time: 1 s, completed 25.11.2017 12:15:50
> server-post-command-cleanup
> server-handle-next-server-request
> root/playForkNotifyStart http://localhost:9000
Evaluating tasks: *:playForkNotifyStart
Running task... Cancel: sbt.server.ServerTaskCancellation@28eeb934, check cycles: false
Total time: 0 s, completed 25.11.2017 12:15:50
> server-post-command-cleanup
> server-handle-next-server-request
> {file:/C:/Users/Michi/Desktop/SEM%205-7/Web-Technologie/WebTech/}root/*:playForkReload
Evaluating tasks: *:playForkReload
Running task... Cancel: sbt.server.ServerTaskCancellation@1e70342c, check cycles: false

Initial source changes: 
	removed:Set()
	added: Set()
	modified: Set()
Removed products: Set()
External API changes: API Changes: Set()
Modified binary dependencies: Set()
Initial directly invalidated sources: Set()

Sources indirectly invalidated by:
	product: Set()
	binary dep: Set()
	external source: Set()
All initially invalidated sources: Set()

Copy resource mappings: 
	(C:\Users\Michi\Desktop\SEM 5-7\Web-Technologie\WebTech\conf\application.conf,C:\Users\Michi\Desktop\SEM 5-7\Web-Technologie\WebTech\target\scala-2.10\classes\application.conf)
	(C:\Users\Michi\Desktop\SEM 5-7\Web-Technologie\WebTech\conf\routes,C:\Users\Michi\Desktop\SEM 5-7\Web-Technologie\WebTech\target\scala-2.10\classes\routes)
Total time: 1 s, completed 25.11.2017 12:16:12
> server-post-command-cleanup
> server-handle-next-server-request
> jobStop 3
Evaluating tasks: *:jobStop
Running task... Cancel: sbt.server.ServerTaskCancellation@481a52a0, check cycles: false
Total time: 0 s, completed 25.11.2017 12:21:33
> server-post-command-cleanup
> server-handle-next-server-request
> backgroundRun
Evaluating tasks: compile:backgroundRun
Running task... Cancel: sbt.server.ServerTaskCancellation@87a75b3, check cycles: false
Total time: 0 s, completed 25.11.2017 12:21:37
> server-post-command-cleanup
> server-handle-next-server-request
> {file:/C:/Users/Michi/Desktop/SEM%205-7/Web-Technologie/WebTech/}root/*:playForkConfig
Evaluating tasks: *:playForkConfig
Running task... Cancel: sbt.server.ServerTaskCancellation@35c7e7b, check cycles: false
Total time: 1 s, completed 25.11.2017 12:21:41
> server-post-command-cleanup
> server-handle-next-server-request
> root/playForkNotifyStart http://localhost:9000
Evaluating tasks: *:playForkNotifyStart
Running task... Cancel: sbt.server.ServerTaskCancellation@6fe07cd5, check cycles: false
Total time: 0 s, completed 25.11.2017 12:21:42
> server-post-command-cleanup
> server-handle-next-server-request
> {file:/C:/Users/Michi/Desktop/SEM%205-7/Web-Technologie/WebTech/}root/*:playForkReload
Evaluating tasks: *:playForkReload
Running task... Cancel: sbt.server.ServerTaskCancellation@561bb6d, check cycles: false

Initial source changes: 
	removed:Set()
	added: Set()
	modified: Set()
Removed products: Set()
External API changes: API Changes: Set()
Modified binary dependencies: Set()
Initial directly invalidated sources: Set()

Sources indirectly invalidated by:
	product: Set()
	binary dep: Set()
	external source: Set()
All initially invalidated sources: Set()

Copy resource mappings: 
	(C:\Users\Michi\Desktop\SEM 5-7\Web-Technologie\WebTech\conf\application.conf,C:\Users\Michi\Desktop\SEM 5-7\Web-Technologie\WebTech\target\scala-2.10\classes\application.conf)
	(C:\Users\Michi\Desktop\SEM 5-7\Web-Technologie\WebTech\conf\routes,C:\Users\Michi\Desktop\SEM 5-7\Web-Technologie\WebTech\target\scala-2.10\classes\routes)
Total time: 1 s, completed 25.11.2017 12:21:45
> server-post-command-cleanup
> server-handle-next-server-request
> jobStop 4
Evaluating tasks: *:jobStop
Running task... Cancel: sbt.server.ServerTaskCancellation@46398a36, check cycles: false
Total time: 0 s, completed 25.11.2017 12:24:30
> server-post-command-cleanup
> server-handle-next-server-request
> backgroundRun
Evaluating tasks: compile:backgroundRun
Running task... Cancel: sbt.server.ServerTaskCancellation@7c9f2295, check cycles: false
Total time: 0 s, completed 25.11.2017 12:24:33
> server-post-command-cleanup
> server-handle-next-server-request
> {file:/C:/Users/Michi/Desktop/SEM%205-7/Web-Technologie/WebTech/}root/*:playForkConfig
Evaluating tasks: *:playForkConfig
Running task... Cancel: sbt.server.ServerTaskCancellation@51f750f0, check cycles: false
Total time: 1 s, completed 25.11.2017 12:24:38
> server-post-command-cleanup
> server-handle-next-server-request
> root/playForkNotifyStart http://localhost:9000
Evaluating tasks: *:playForkNotifyStart
Running task... Cancel: sbt.server.ServerTaskCancellation@460d1ffb, check cycles: false
Total time: 0 s, completed 25.11.2017 12:24:39
> server-post-command-cleanup
> server-handle-next-server-request
> {file:/C:/Users/Michi/Desktop/SEM%205-7/Web-Technologie/WebTech/}root/*:playForkReload
Evaluating tasks: *:playForkReload
Running task... Cancel: sbt.server.ServerTaskCancellation@6b5a8069, check cycles: false

Initial source changes: 
	removed:Set()
	added: Set()
	modified: Set()
Removed products: Set()
External API changes: API Changes: Set()
Modified binary dependencies: Set()
Initial directly invalidated sources: Set()

Sources indirectly invalidated by:
	product: Set()
	binary dep: Set()
	external source: Set()
All initially invalidated sources: Set()

Copy resource mappings: 
	(C:\Users\Michi\Desktop\SEM 5-7\Web-Technologie\WebTech\conf\application.conf,C:\Users\Michi\Desktop\SEM 5-7\Web-Technologie\WebTech\target\scala-2.10\classes\application.conf)
	(C:\Users\Michi\Desktop\SEM 5-7\Web-Technologie\WebTech\conf\routes,C:\Users\Michi\Desktop\SEM 5-7\Web-Technologie\WebTech\target\scala-2.10\classes\routes)
Total time: 1 s, completed 25.11.2017 12:24:51
> server-post-command-cleanup
> server-handle-next-server-request
> jobStop 5
Evaluating tasks: *:jobStop
Running task... Cancel: sbt.server.ServerTaskCancellation@29f2794, check cycles: false
Total time: 0 s, completed 25.11.2017 12:26:11
> server-post-command-cleanup
> server-handle-next-server-request
> backgroundRun
Evaluating tasks: compile:backgroundRun
Running task... Cancel: sbt.server.ServerTaskCancellation@2f43ab06, check cycles: false
Total time: 0 s, completed 25.11.2017 12:26:29
> server-post-command-cleanup
> server-handle-next-server-request
> {file:/C:/Users/Michi/Desktop/SEM%205-7/Web-Technologie/WebTech/}root/*:playForkConfig
Evaluating tasks: *:playForkConfig
Running task... Cancel: sbt.server.ServerTaskCancellation@2bc57eac, check cycles: false
Total time: 1 s, completed 25.11.2017 12:26:33
> server-post-command-cleanup
> server-handle-next-server-request
> root/playForkNotifyStart http://localhost:9000
Evaluating tasks: *:playForkNotifyStart
Running task... Cancel: sbt.server.ServerTaskCancellation@5f065874, check cycles: false
Total time: 0 s, completed 25.11.2017 12:26:34
> server-post-command-cleanup
> server-handle-next-server-request
> {file:/C:/Users/Michi/Desktop/SEM%205-7/Web-Technologie/WebTech/}root/*:playForkReload
Evaluating tasks: *:playForkReload
Running task... Cancel: sbt.server.ServerTaskCancellation@41952a18, check cycles: false

Initial source changes: 
	removed:Set()
	added: Set()
	modified: Set()
Removed products: Set()
External API changes: API Changes: Set()
Modified binary dependencies: Set()
Initial directly invalidated sources: Set()

Sources indirectly invalidated by:
	product: Set()
	binary dep: Set()
	external source: Set()
All initially invalidated sources: Set()

Copy resource mappings: 
	(C:\Users\Michi\Desktop\SEM 5-7\Web-Technologie\WebTech\conf\application.conf,C:\Users\Michi\Desktop\SEM 5-7\Web-Technologie\WebTech\target\scala-2.10\classes\application.conf)
	(C:\Users\Michi\Desktop\SEM 5-7\Web-Technologie\WebTech\conf\routes,C:\Users\Michi\Desktop\SEM 5-7\Web-Technologie\WebTech\target\scala-2.10\classes\routes)
Total time: 1 s, completed 25.11.2017 12:26:37
> server-post-command-cleanup
> server-handle-next-server-request
> jobStop 6
Evaluating tasks: *:jobStop
Running task... Cancel: sbt.server.ServerTaskCancellation@5e112189, check cycles: false
Total time: 0 s, completed 25.11.2017 12:27:33
> server-post-command-cleanup
> server-handle-next-server-request
> backgroundRun
Evaluating tasks: compile:backgroundRun
Running task... Cancel: sbt.server.ServerTaskCancellation@38dc87ea, check cycles: false
Total time: 0 s, completed 25.11.2017 12:28:00
> server-post-command-cleanup
> server-handle-next-server-request
> {file:/C:/Users/Michi/Desktop/SEM%205-7/Web-Technologie/WebTech/}root/*:playForkConfig
Evaluating tasks: *:playForkConfig
Running task... Cancel: sbt.server.ServerTaskCancellation@4d5e8475, check cycles: false
Total time: 1 s, completed 25.11.2017 12:28:04
> server-post-command-cleanup
> server-handle-next-server-request
> root/playForkNotifyStart http://localhost:9000
Evaluating tasks: *:playForkNotifyStart
Running task... Cancel: sbt.server.ServerTaskCancellation@4a0aa2d6, check cycles: false
Total time: 0 s, completed 25.11.2017 12:28:05
> server-post-command-cleanup
> server-handle-next-server-request
> {file:/C:/Users/Michi/Desktop/SEM%205-7/Web-Technologie/WebTech/}root/*:playForkReload
Evaluating tasks: *:playForkReload
Running task... Cancel: sbt.server.ServerTaskCancellation@4efb422a, check cycles: false

Initial source changes: 
	removed:Set()
	added: Set()
	modified: Set()
Removed products: Set()
External API changes: API Changes: Set()
Modified binary dependencies: Set()
Initial directly invalidated sources: Set()

Sources indirectly invalidated by:
	product: Set()
	binary dep: Set()
	external source: Set()
All initially invalidated sources: Set()

Copy resource mappings: 
	(C:\Users\Michi\Desktop\SEM 5-7\Web-Technologie\WebTech\conf\application.conf,C:\Users\Michi\Desktop\SEM 5-7\Web-Technologie\WebTech\target\scala-2.10\classes\application.conf)
	(C:\Users\Michi\Desktop\SEM 5-7\Web-Technologie\WebTech\conf\routes,C:\Users\Michi\Desktop\SEM 5-7\Web-Technologie\WebTech\target\scala-2.10\classes\routes)
Total time: 1 s, completed 25.11.2017 12:28:11
> server-post-command-cleanup
> server-handle-next-server-request
> jobStop 7
Evaluating tasks: *:jobStop
Running task... Cancel: sbt.server.ServerTaskCancellation@52258554, check cycles: false
Total time: 0 s, completed 25.11.2017 12:30:35
> server-post-command-cleanup
> server-handle-next-server-request
> backgroundRun
Evaluating tasks: compile:backgroundRun
Running task... Cancel: sbt.server.ServerTaskCancellation@75ccf972, check cycles: false
Total time: 0 s, completed 25.11.2017 12:30:40
> server-post-command-cleanup
> server-handle-next-server-request
> {file:/C:/Users/Michi/Desktop/SEM%205-7/Web-Technologie/WebTech/}root/*:playForkConfig
Evaluating tasks: *:playForkConfig
Running task... Cancel: sbt.server.ServerTaskCancellation@3ca31b1a, check cycles: false
Total time: 1 s, completed 25.11.2017 12:30:43
> server-post-command-cleanup
> server-handle-next-server-request
> root/playForkNotifyStart http://localhost:9000
Evaluating tasks: *:playForkNotifyStart
Running task... Cancel: sbt.server.ServerTaskCancellation@27b8a855, check cycles: false
Total time: 0 s, completed 25.11.2017 12:30:44
> server-post-command-cleanup
> server-handle-next-server-request
> {file:/C:/Users/Michi/Desktop/SEM%205-7/Web-Technologie/WebTech/}root/*:playForkReload
Evaluating tasks: *:playForkReload
Running task... Cancel: sbt.server.ServerTaskCancellation@2cc6f202, check cycles: false

Initial source changes: 
	removed:Set()
	added: Set()
	modified: Set()
Removed products: Set()
External API changes: API Changes: Set()
Modified binary dependencies: Set()
Initial directly invalidated sources: Set()

Sources indirectly invalidated by:
	product: Set()
	binary dep: Set()
	external source: Set()
All initially invalidated sources: Set()

Copy resource mappings: 
	(C:\Users\Michi\Desktop\SEM 5-7\Web-Technologie\WebTech\conf\application.conf,C:\Users\Michi\Desktop\SEM 5-7\Web-Technologie\WebTech\target\scala-2.10\classes\application.conf)
	(C:\Users\Michi\Desktop\SEM 5-7\Web-Technologie\WebTech\conf\routes,C:\Users\Michi\Desktop\SEM 5-7\Web-Technologie\WebTech\target\scala-2.10\classes\routes)
Total time: 1 s, completed 25.11.2017 12:30:47
> server-post-command-cleanup
> server-handle-next-server-request
Done executing sbt server engine, result Right(Exit(0))
Closing listening server socket
Waiting for socket thread
Waiting for request processor thread
Waiting for command engine result
Returning control to sbt launcher with result Exit(0)
Closing the 8444@Michi-PC logs at Sat Nov 25 13:06:42 CET 2017, goodbye.
