New log file opened at Sat Nov 25 11:11:07 CET 2017 by 1456@Michi-PC
jvm 1456@Michi-PC
jvm vmName=Java HotSpot(TM) 64-Bit Server VM vmVendor=Oracle Corporation vmVersion=25.101-b13
jvm specName=Java Virtual Machine Specification specVendor=Oracle Corporation specVersion=1.8
jvm arguments: [-Xms256m, -Xmx1024m, -XX:MetaspaceSize=64m, -XX:MaxMetaspaceSize=256m]
Starting event engine
Starting sbt command engine
Waiting for sbt command engine
Command engine arguments=List()
Command engine baseDirectory=C:\Users\Michi\Desktop\SEM 5-7\Web-Technologie\WebTech
Command engine initial remaining commands List(--initialize, onFailure load-failed, boot, server-send-ready-for-request, server-handle-next-server-request)
> --initialize
> initialize
> onFailure load-failed
> boot
> reload
[Loading] Scanning directory C:\Users\Michi\Desktop\SEM 5-7\Web-Technologie\WebTech\project
[Loading] Found non-root projects 
[Loading] Done in C:\Users\Michi\Desktop\SEM 5-7\Web-Technologie\WebTech\project, returning: ()
deducing auto plugins based on known facts Set(Atom(sbt.plugins.CorePlugin)) and clauses Clauses(List(Clause(Atom(sbt.plugins.JvmPlugin),Set(Atom(sbt.plugins.IvyPlugin))), Clause(Atom(sbt.plugins.JUnitXmlReportPlugin),Set(Atom(sbt.plugins.JvmPlugin))), Clause(Atom(sbt.plugins.CorePlugin),Set(Atom(sbt.plugins.IvyPlugin))), Clause(Atom(sbt.plugins.IvyPlugin),Set(Atom(sbt.plugins.JvmPlugin))), Clause(Atom(sbt.plugins.JvmPlugin),Set(Atom(sbt.plugins.JUnitXmlReportPlugin)))))
  :: deduced result: Matched(sbt.plugins.CorePlugin,sbt.plugins.IvyPlugin,sbt.plugins.JvmPlugin,sbt.plugins.JUnitXmlReportPlugin)
sorting: ns: List(sbt.plugins.CorePlugin, sbt.plugins.IvyPlugin, sbt.plugins.JvmPlugin, sbt.plugins.JUnitXmlReportPlugin)
  :: sorting:: found: List(sbt.plugins.CorePlugin) not found List(sbt.plugins.IvyPlugin, sbt.plugins.JvmPlugin, sbt.plugins.JUnitXmlReportPlugin)
  :: sorting:: found: List(sbt.plugins.CorePlugin, sbt.plugins.IvyPlugin) not found List(sbt.plugins.JvmPlugin, sbt.plugins.JUnitXmlReportPlugin)
  :: sorting:: found: List(sbt.plugins.CorePlugin, sbt.plugins.IvyPlugin, sbt.plugins.JvmPlugin) not found List(sbt.plugins.JUnitXmlReportPlugin)
  :: sorting:: found: List(sbt.plugins.CorePlugin, sbt.plugins.IvyPlugin, sbt.plugins.JvmPlugin, sbt.plugins.JUnitXmlReportPlugin) not found List()
  :: sorted deduced result: List(sbt.plugins.CorePlugin, sbt.plugins.IvyPlugin, sbt.plugins.JvmPlugin, sbt.plugins.JUnitXmlReportPlugin)
[Loading] Done in C:\Users\Michi\Desktop\SEM 5-7\Web-Technologie\WebTech\project, returning: (webtech-build)
Loading project definition from C:\Users\Michi\Desktop\SEM 5-7\Web-Technologie\WebTech\project
Running task... Cancel: sbt.TaskCancellationStrategy$Null$@18e585, check cycles: false

Initial source changes: 
	removed:Set()
	added: Set()
	modified: Set()
Removed products: Set()
External API changes: API Changes: Set()
Modified binary dependencies: Set()
Initial directly invalidated sources: Set()

Sources indirectly invalidated by:
	product: Set()
	binary dep: Set()
	external source: Set()
All initially invalidated sources: Set()

Copy resource mappings: 
	
[Loading] Scanning directory C:\Users\Michi\Desktop\SEM 5-7\Web-Technologie\WebTech
[Loading] Found root project root w/ remaining 
deducing auto plugins based on known facts Set(Atom(play.PlayJava), Atom(sbt.plugins.CorePlugin)) and clauses Clauses(List(Clause(Atom(sbt.plugins.JvmPlugin),Set(Atom(sbt.plugins.IvyPlugin))), Clause(Atom(sbt.plugins.JUnitXmlReportPlugin),Set(Atom(sbt.plugins.JvmPlugin))), Clause(Atom(play.sbt.forkrun.PlayForkRun),Set(Atom(sbt.plugins.BackgroundRunPlugin))), Clause(Atom(play.sbt.forkrun.PlayForkRun),Set(Atom(play.Play))), Clause(Atom(play.sbt.forkrun.PlayForkRun),Set(Atom(sbt.plugins.SerializersPlugin))), Clause(Atom(play.Play),Set(Atom(com.typesafe.sbt.webdriver.SbtWebDriver))), Clause(Atom(play.Play),Set(Atom(play.twirl.sbt.SbtTwirl))), Clause(Atom(play.Play),Set(Atom(com.typesafe.sbt.jse.SbtJsTask))), Clause(Atom(play.PlayJava),Set(Atom(play.Play))), Clause(Atom(play.PlayScala),Set(Atom(play.Play))), Clause(Atom(play.twirl.sbt.SbtTwirl),Set(Atom(sbt.plugins.JvmPlugin))), Clause(Atom(com.typesafe.sbt.jse.SbtJsEngine),Set(Atom(com.typesafe.sbt.web.SbtWeb))), Clause(Atom(com.typesafe.sbt.jse.SbtJsTask),Set(Atom(com.typesafe.sbt.jse.SbtJsEngine))), Clause(Atom(com.typesafe.sbt.webdriver.SbtWebDriver),Set(Atom(com.typesafe.sbt.web.SbtWeb))), Clause(Atom(sbt.plugins.BackgroundRunPlugin),Set(Atom(sbt.plugins.JvmPlugin))), Clause(Atom(sbt.plugins.CorePlugin),Set(Atom(sbt.plugins.IvyPlugin))), Clause(Atom(sbt.plugins.IvyPlugin),Set(Atom(sbt.plugins.JvmPlugin))), Clause(Atom(sbt.plugins.JvmPlugin),Set(Atom(sbt.plugins.JUnitXmlReportPlugin))), Clause(And(Set(Atom(sbt.plugins.BackgroundRunPlugin), Atom(play.Play), Atom(sbt.plugins.SerializersPlugin))),Set(Atom(play.sbt.forkrun.PlayForkRun))), Clause(Atom(com.typesafe.sbt.web.SbtWeb),Set(Atom(com.typesafe.sbt.jse.SbtJsEngine))), Clause(Atom(com.typesafe.sbt.jse.SbtJsEngine),Set(Atom(com.typesafe.sbt.jse.SbtJsTask))), Clause(Atom(com.typesafe.sbt.web.SbtWeb),Set(Atom(com.typesafe.sbt.webdriver.SbtWebDriver))), Clause(Atom(sbt.plugins.JvmPlugin),Set(Atom(sbt.plugins.BackgroundRunPlugin))), Clause(Atom(sbt.plugins.CorePlugin),Set(Atom(sbt.plugins.InteractionServicePlugin))), Clause(Atom(sbt.plugins.CorePlugin),Set(Atom(sbt.plugins.SendEventServicePlugin))), Clause(Atom(sbt.plugins.CorePlugin),Set(Atom(sbt.plugins.SerializersPlugin)))))
  :: deduced result: Matched(sbt.plugins.CorePlugin,play.PlayJava,sbt.plugins.InteractionServicePlugin,sbt.plugins.SendEventServicePlugin,play.Play,sbt.plugins.SerializersPlugin,sbt.plugins.IvyPlugin,sbt.plugins.JvmPlugin,com.typesafe.sbt.jse.SbtJsTask,play.twirl.sbt.SbtTwirl,com.typesafe.sbt.webdriver.SbtWebDriver,sbt.plugins.BackgroundRunPlugin,sbt.plugins.JUnitXmlReportPlugin,com.typesafe.sbt.web.SbtWeb,com.typesafe.sbt.jse.SbtJsEngine,play.sbt.forkrun.PlayForkRun)
sorting: ns: List(sbt.plugins.CorePlugin, play.PlayJava, sbt.plugins.InteractionServicePlugin, sbt.plugins.SendEventServicePlugin, play.Play, sbt.plugins.SerializersPlugin, sbt.plugins.IvyPlugin, sbt.plugins.JvmPlugin, com.typesafe.sbt.jse.SbtJsTask, play.twirl.sbt.SbtTwirl, com.typesafe.sbt.webdriver.SbtWebDriver, sbt.plugins.BackgroundRunPlugin, sbt.plugins.JUnitXmlReportPlugin, com.typesafe.sbt.web.SbtWeb, com.typesafe.sbt.jse.SbtJsEngine, play.sbt.forkrun.PlayForkRun)
  :: sorting:: found: List(sbt.plugins.CorePlugin, com.typesafe.sbt.web.SbtWeb) not found List(play.PlayJava, sbt.plugins.InteractionServicePlugin, sbt.plugins.SendEventServicePlugin, play.Play, sbt.plugins.SerializersPlugin, sbt.plugins.IvyPlugin, sbt.plugins.JvmPlugin, com.typesafe.sbt.jse.SbtJsTask, play.twirl.sbt.SbtTwirl, com.typesafe.sbt.webdriver.SbtWebDriver, sbt.plugins.BackgroundRunPlugin, sbt.plugins.JUnitXmlReportPlugin, com.typesafe.sbt.jse.SbtJsEngine, play.sbt.forkrun.PlayForkRun)
  :: sorting:: found: List(sbt.plugins.CorePlugin, com.typesafe.sbt.web.SbtWeb, sbt.plugins.InteractionServicePlugin, sbt.plugins.SendEventServicePlugin, sbt.plugins.SerializersPlugin, sbt.plugins.IvyPlugin, com.typesafe.sbt.webdriver.SbtWebDriver, com.typesafe.sbt.jse.SbtJsEngine) not found List(play.PlayJava, play.Play, sbt.plugins.JvmPlugin, com.typesafe.sbt.jse.SbtJsTask, play.twirl.sbt.SbtTwirl, sbt.plugins.BackgroundRunPlugin, sbt.plugins.JUnitXmlReportPlugin, play.sbt.forkrun.PlayForkRun)
  :: sorting:: found: List(sbt.plugins.CorePlugin, com.typesafe.sbt.web.SbtWeb, sbt.plugins.InteractionServicePlugin, sbt.plugins.SendEventServicePlugin, sbt.plugins.SerializersPlugin, sbt.plugins.IvyPlugin, com.typesafe.sbt.webdriver.SbtWebDriver, com.typesafe.sbt.jse.SbtJsEngine, sbt.plugins.JvmPlugin, com.typesafe.sbt.jse.SbtJsTask) not found List(play.PlayJava, play.Play, play.twirl.sbt.SbtTwirl, sbt.plugins.BackgroundRunPlugin, sbt.plugins.JUnitXmlReportPlugin, play.sbt.forkrun.PlayForkRun)
  :: sorting:: found: List(sbt.plugins.CorePlugin, com.typesafe.sbt.web.SbtWeb, sbt.plugins.InteractionServicePlugin, sbt.plugins.SendEventServicePlugin, sbt.plugins.SerializersPlugin, sbt.plugins.IvyPlugin, com.typesafe.sbt.webdriver.SbtWebDriver, com.typesafe.sbt.jse.SbtJsEngine, sbt.plugins.JvmPlugin, com.typesafe.sbt.jse.SbtJsTask, play.twirl.sbt.SbtTwirl, sbt.plugins.BackgroundRunPlugin, sbt.plugins.JUnitXmlReportPlugin) not found List(play.PlayJava, play.Play, play.sbt.forkrun.PlayForkRun)
  :: sorting:: found: List(sbt.plugins.CorePlugin, com.typesafe.sbt.web.SbtWeb, sbt.plugins.InteractionServicePlugin, sbt.plugins.SendEventServicePlugin, sbt.plugins.SerializersPlugin, sbt.plugins.IvyPlugin, com.typesafe.sbt.webdriver.SbtWebDriver, com.typesafe.sbt.jse.SbtJsEngine, sbt.plugins.JvmPlugin, com.typesafe.sbt.jse.SbtJsTask, play.twirl.sbt.SbtTwirl, sbt.plugins.BackgroundRunPlugin, sbt.plugins.JUnitXmlReportPlugin, play.Play) not found List(play.PlayJava, play.sbt.forkrun.PlayForkRun)
  :: sorting:: found: List(sbt.plugins.CorePlugin, com.typesafe.sbt.web.SbtWeb, sbt.plugins.InteractionServicePlugin, sbt.plugins.SendEventServicePlugin, sbt.plugins.SerializersPlugin, sbt.plugins.IvyPlugin, com.typesafe.sbt.webdriver.SbtWebDriver, com.typesafe.sbt.jse.SbtJsEngine, sbt.plugins.JvmPlugin, com.typesafe.sbt.jse.SbtJsTask, play.twirl.sbt.SbtTwirl, sbt.plugins.BackgroundRunPlugin, sbt.plugins.JUnitXmlReportPlugin, play.Play, play.PlayJava, play.sbt.forkrun.PlayForkRun) not found List()
  :: sorted deduced result: List(sbt.plugins.CorePlugin, com.typesafe.sbt.web.SbtWeb, sbt.plugins.InteractionServicePlugin, sbt.plugins.SendEventServicePlugin, sbt.plugins.SerializersPlugin, sbt.plugins.IvyPlugin, com.typesafe.sbt.webdriver.SbtWebDriver, com.typesafe.sbt.jse.SbtJsEngine, sbt.plugins.JvmPlugin, com.typesafe.sbt.jse.SbtJsTask, play.twirl.sbt.SbtTwirl, sbt.plugins.BackgroundRunPlugin, sbt.plugins.JUnitXmlReportPlugin, play.Play, play.PlayJava, play.sbt.forkrun.PlayForkRun)
[Loading] Done in C:\Users\Michi\Desktop\SEM 5-7\Web-Technologie\WebTech, returning: (root)
Set current project to hello-play-java (in build file:/C:/Users/Michi/Desktop/SEM%205-7/Web-Technologie/WebTech/)
Reapplying settings...
Set current project to hello-play-java (in build file:/C:/Users/Michi/Desktop/SEM%205-7/Web-Technologie/WebTech/)
> iflast shell
> server-send-ready-for-request
> server-handle-next-server-request
> compile
Evaluating tasks: compile:compile
Running task... Cancel: sbt.server.ServerTaskCancellation@4b9e7e8c, check cycles: false

Initial source changes: 
	removed:Set()
	added: Set()
	modified: Set()
Removed products: Set()
External API changes: API Changes: Set()
Modified binary dependencies: Set()
Initial directly invalidated sources: Set()

Sources indirectly invalidated by:
	product: Set()
	binary dep: Set()
	external source: Set()
All initially invalidated sources: Set()

Total time: 2 s, completed 25.11.2017 11:11:19
> server-post-command-cleanup
> server-handle-next-server-request
> {file:/C:/Users/Michi/Desktop/SEM%205-7/Web-Technologie/WebTech/}root/compile:discoveredMainClasses
Evaluating tasks: compile:discoveredMainClasses
Running task... Cancel: sbt.server.ServerTaskCancellation@5a639a4b, check cycles: false

Initial source changes: 
	removed:Set()
	added: Set()
	modified: Set()
Removed products: Set()
External API changes: API Changes: Set()
Modified binary dependencies: Set()
Initial directly invalidated sources: Set()

Sources indirectly invalidated by:
	product: Set()
	binary dep: Set()
	external source: Set()
All initially invalidated sources: Set()

Total time: 1 s, completed 25.11.2017 11:11:20
> server-post-command-cleanup
> server-handle-next-server-request
> {file:/C:/Users/Michi/Desktop/SEM%205-7/Web-Technologie/WebTech/}root/compile:mainClass
Evaluating tasks: compile:mainClass
Running task... Cancel: sbt.server.ServerTaskCancellation@7794757e, check cycles: false
Total time: 0 s, completed 25.11.2017 11:11:20
> server-post-command-cleanup
> server-handle-next-server-request
> {file:/C:/Users/Michi/Desktop/SEM%205-7/Web-Technologie/WebTech/}root/compile:discoveredMainClasses
Evaluating tasks: compile:discoveredMainClasses
Running task... Cancel: sbt.server.ServerTaskCancellation@3b443d24, check cycles: false

Initial source changes: 
	removed:Set()
	added: Set()
	modified: Set()
Removed products: Set()
External API changes: API Changes: Set()
Modified binary dependencies: Set()
Initial directly invalidated sources: Set()

Sources indirectly invalidated by:
	product: Set()
	binary dep: Set()
	external source: Set()
All initially invalidated sources: Set()

Total time: 1 s, completed 25.11.2017 11:11:21
> server-post-command-cleanup
> server-handle-next-server-request
> compile
Evaluating tasks: compile:compile
Running task... Cancel: sbt.server.ServerTaskCancellation@4ffa7ef4, check cycles: false

Initial source changes: 
	removed:Set()
	added: Set()
	modified: Set(C:\Users\Michi\Desktop\SEM 5-7\Web-Technologie\WebTech\target\scala-2.10\twirl\main\views\html\fourwinning.template.scala)
Removed products: Set()
External API changes: API Changes: Set()
Modified binary dependencies: Set()
Initial directly invalidated sources: Set(C:\Users\Michi\Desktop\SEM 5-7\Web-Technologie\WebTech\target\scala-2.10\twirl\main\views\html\fourwinning.template.scala)

Sources indirectly invalidated by:
	product: Set()
	binary dep: Set()
	external source: Set()
All initially invalidated sources: Set(C:\Users\Michi\Desktop\SEM 5-7\Web-Technologie\WebTech\target\scala-2.10\twirl\main\views\html\fourwinning.template.scala)

Read from stdout: Compiling 1 Scala source to C:\Users\Michi\Desktop\SEM 5-7\Web-Technologie\WebTech\target\scala-2.10\classes...
Compiling 1 Scala source to C:\Users\Michi\Desktop\SEM 5-7\Web-Technologie\WebTech\target\scala-2.10\classes...
Getting compiler-interface from component compiler for Scala 2.10.4
Getting compiler-interface from component compiler for Scala 2.10.4
Running cached compiler 6e6ffb56, interfacing (CompilerInterface) with Scala compiler version 2.10.4
Calling Scala compiler with arguments  (CompilerInterface):
	-deprecation
	-unchecked
	-encoding
	utf8
	-bootclasspath
	C:\Program Files\Java\jdk1.8.0_101\jre\lib\resources.jar;C:\Program Files\Java\jdk1.8.0_101\jre\lib\rt.jar;C:\Program Files\Java\jdk1.8.0_101\jre\lib\sunrsasign.jar;C:\Program Files\Java\jdk1.8.0_101\jre\lib\jsse.jar;C:\Program Files\Java\jdk1.8.0_101\jre\lib\jce.jar;C:\Program Files\Java\jdk1.8.0_101\jre\lib\charsets.jar;C:\Program Files\Java\jdk1.8.0_101\jre\lib\jfr.jar;C:\Program Files\Java\jdk1.8.0_101\jre\classes;C:\Users\Michi\.sbt\boot\scala-2.10.4\lib\scala-library.jar
	-classpath
	C:\Users\Michi\Desktop\SEM 5-7\Web-Technologie\WebTech\target\scala-2.10\classes;C:\Users\Michi\Desktop\SEM 5-7\Web-Technologie\WebTech\lib\aopalliance.jar;C:\Users\Michi\Desktop\SEM 5-7\Web-Technologie\WebTech\lib\com.fasterxml.jackson.core.jar;C:\Users\Michi\Desktop\SEM 5-7\Web-Technologie\WebTech\lib\com.fasterxml.jackson.databind.jar;C:\Users\Michi\Desktop\SEM 5-7\Web-Technologie\WebTech\lib\guava-18.0.jar;C:\Users\Michi\Desktop\SEM 5-7\Web-Technologie\WebTech\lib\guice-3.0.jar;C:\Users\Michi\Desktop\SEM 5-7\Web-Technologie\WebTech\lib\javax.inject.jar;C:\Users\Michi\Desktop\SEM 5-7\Web-Technologie\WebTech\lib\log4j-1.2.17.jar;C:\Users\Michi\Desktop\SEM 5-7\Web-Technologie\WebTech\lib\SoftwareArchitecture_main.jar;C:\Users\Michi\.ivy2\cache\com.typesafe.play\twirl-api_2.10\jars\twirl-api_2.10-1.0.2.jar;C:\Users\Michi\.ivy2\cache\org.apache.commons\commons-lang3\jars\commons-lang3-3.1.jar;C:\Users\Michi\.ivy2\cache\com.typesafe.play\play_2.10\jars\play_2.10-2.3.10.jar;C:\Users\Michi\.ivy2\cache\com.typesafe.play\build-link\jars\build-link-2.3.10.jar;C:\Users\Michi\.ivy2\cache\com.typesafe.play\play-exceptions\jars\play-exceptions-2.3.10.jar;C:\Users\Michi\.ivy2\cache\com.typesafe.play\play-iteratees_2.10\jars\play-iteratees_2.10-2.3.10.jar;C:\Users\Michi\Desktop\activator-dist-1.3.10\repository\org.scala-stm\scala-stm_2.10\0.7\jars\scala-stm_2.10.jar;C:\Users\Michi\.ivy2\cache\com.typesafe\config\bundles\config-1.2.1.jar;C:\Users\Michi\.ivy2\cache\com.typesafe.play\play-json_2.10\jars\play-json_2.10-2.3.10.jar;C:\Users\Michi\.ivy2\cache\com.typesafe.play\play-functional_2.10\jars\play-functional_2.10-2.3.10.jar;C:\Users\Michi\.ivy2\cache\com.typesafe.play\play-datacommons_2.10\jars\play-datacommons_2.10-2.3.10.jar;C:\Users\Michi\.ivy2\cache\joda-time\joda-time\jars\joda-time-2.3.jar;C:\Users\Michi\.ivy2\cache\org.joda\joda-convert\jars\joda-convert-1.6.jar;C:\Users\Michi\.ivy2\cache\com.fasterxml.jackson.core\jackson-annotations\bundles\jackson-annotations-2.3.2.jar;C:\Users\Michi\.ivy2\cache\com.fasterxml.jackson.core\jackson-core\bundles\jackson-core-2.3.2.jar;C:\Users\Michi\.ivy2\cache\com.fasterxml.jackson.core\jackson-databind\bundles\jackson-databind-2.3.2.jar;C:\Users\Michi\.sbt\boot\scala-2.10.4\lib\scala-reflect.jar;C:\Users\Michi\.ivy2\cache\io.netty\netty\bundles\netty-3.9.9.Final.jar;C:\Users\Michi\.ivy2\cache\com.typesafe.netty\netty-http-pipelining\jars\netty-http-pipelining-1.1.2.jar;C:\Users\Michi\.ivy2\cache\org.slf4j\slf4j-api\jars\slf4j-api-1.7.6.jar;C:\Users\Michi\.ivy2\cache\org.slf4j\jul-to-slf4j\jars\jul-to-slf4j-1.7.6.jar;C:\Users\Michi\.ivy2\cache\org.slf4j\jcl-over-slf4j\jars\jcl-over-slf4j-1.7.6.jar;C:\Users\Michi\.ivy2\cache\ch.qos.logback\logback-core\jars\logback-core-1.1.1.jar;C:\Users\Michi\.ivy2\cache\ch.qos.logback\logback-classic\jars\logback-classic-1.1.1.jar;C:\Users\Michi\.ivy2\cache\com.typesafe.akka\akka-actor_2.10\jars\akka-actor_2.10-2.3.4.jar;C:\Users\Michi\.ivy2\cache\com.typesafe.akka\akka-slf4j_2.10\jars\akka-slf4j_2.10-2.3.4.jar;C:\Users\Michi\.ivy2\cache\commons-codec\commons-codec\jars\commons-codec-1.9.jar;C:\Users\Michi\.ivy2\cache\xerces\xercesImpl\jars\xercesImpl-2.11.0.jar;C:\Users\Michi\.ivy2\cache\xml-apis\xml-apis\jars\xml-apis-1.4.01.jar;C:\Users\Michi\.ivy2\cache\javax.transaction\jta\jars\jta-1.1.jar;C:\Users\Michi\.ivy2\cache\com.typesafe.play\play-java_2.10\jars\play-java_2.10-2.3.10.jar;C:\Users\Michi\.ivy2\cache\org.yaml\snakeyaml\bundles\snakeyaml-1.13.jar;C:\Users\Michi\Desktop\activator-dist-1.3.10\repository\org.hibernate\hibernate-validator\5.0.3.Final\jars\hibernate-validator.jar;C:\Users\Michi\Desktop\activator-dist-1.3.10\repository\javax.validation\validation-api\1.1.0.Final\jars\validation-api.jar;C:\Users\Michi\.ivy2\cache\org.jboss.logging\jboss-logging\jars\jboss-logging-3.2.0.Final.jar;C:\Users\Michi\Desktop\activator-dist-1.3.10\repository\com.fasterxml\classmate\1.0.0\bundles\classmate.jar;C:\Users\Michi\.ivy2\cache\org.springframework\spring-context\jars\spring-context-4.0.3.RELEASE.jar;C:\Users\Michi\.ivy2\cache\org.springframework\spring-core\jars\spring-core-4.0.3.RELEASE.jar;C:\Users\Michi\.ivy2\cache\org.springframework\spring-beans\jars\spring-beans-4.0.3.RELEASE.jar;C:\Users\Michi\Desktop\activator-dist-1.3.10\repository\org.javassist\javassist\3.19.0-GA\bundles\javassist.jar;C:\Users\Michi\.ivy2\cache\org.reflections\reflections\jars\reflections-0.9.8.jar;C:\Users\Michi\.ivy2\cache\com.google.guava\guava\bundles\guava-16.0.1.jar;C:\Users\Michi\.ivy2\cache\dom4j\dom4j\jars\dom4j-1.6.1.jar;C:\Users\Michi\Desktop\activator-dist-1.3.10\repository\com.google.code.findbugs\jsr305\2.0.3\jars\jsr305.jar;C:\Users\Michi\.ivy2\cache\org.apache.tomcat\tomcat-servlet-api\jars\tomcat-servlet-api-8.0.5.jar;C:\Users\Michi\.ivy2\cache\org.webjars\webjars-play_2.10\jars\webjars-play_2.10-2.2.2.jar;C:\Users\Michi\.ivy2\cache\org.webjars\requirejs\jars\requirejs-2.1.10.jar;C:\Users\Michi\.ivy2\cache\org.webjars\webjars-locator\jars\webjars-locator-0.13.jar;C:\Users\Michi\.ivy2\cache\org.webjars\bootstrap\jars\bootstrap-2.3.1.jar;C:\Users\Michi\Desktop\activator-dist-1.3.10\repository\org.webjars\jquery\1.9.0\jars\jquery.jar;C:\Users\Michi\.ivy2\cache\com.typesafe.play\play-java-jdbc_2.10\jars\play-java-jdbc_2.10-2.3.10.jar;C:\Users\Michi\.ivy2\cache\com.typesafe.play\play-jdbc_2.10\jars\play-jdbc_2.10-2.3.10.jar;C:\Users\Michi\Desktop\activator-dist-1.3.10\repository\com.jolbox\bonecp\0.8.0.RELEASE\bundles\bonecp.jar;C:\Users\Michi\Desktop\activator-dist-1.3.10\repository\com.h2database\h2\1.3.175\jars\h2.jar;C:\Users\Michi\Desktop\activator-dist-1.3.10\repository\tyrex\tyrex\1.0.1\jars\tyrex.jar;C:\Users\Michi\.ivy2\cache\com.typesafe.play\play-java-ebean_2.10\jars\play-java-ebean_2.10-2.3.10.jar;C:\Users\Michi\.ivy2\cache\org.avaje.ebeanorm\avaje-ebeanorm\jars\avaje-ebeanorm-3.3.4.jar;C:\Users\Michi\.ivy2\cache\org.avaje.ebeanorm\avaje-ebeanorm-agent\jars\avaje-ebeanorm-agent-3.2.2.jar;C:\Users\Michi\.ivy2\cache\org.hibernate.javax.persistence\hibernate-jpa-2.0-api\jars\hibernate-jpa-2.0-api-1.0.1.Final.jar;C:\Users\Michi\.ivy2\cache\com.typesafe.play\play-cache_2.10\jars\play-cache_2.10-2.3.10.jar;C:\Users\Michi\.ivy2\cache\net.sf.ehcache\ehcache-core\jars\ehcache-core-2.6.8.jar
Scala compilation took 8.290181775 s
New invalidations:
	Set()
Initial set of included nodes: Set()
Previously invalidated, but (transitively) depend on new invalidations:
	Set()
All newly invalidated sources after taking into account (previously) recompiled sources:Set()
Total time: 12 s, completed 25.11.2017 11:20:37
> server-post-command-cleanup
> server-handle-next-server-request
> backgroundRun
Evaluating tasks: compile:backgroundRun
Running task... Cancel: sbt.server.ServerTaskCancellation@7abfe32a, check cycles: false
Total time: 0 s, completed 25.11.2017 11:20:40
> server-post-command-cleanup
> server-handle-next-server-request
> {file:/C:/Users/Michi/Desktop/SEM%205-7/Web-Technologie/WebTech/}root/*:playForkConfig
Evaluating tasks: *:playForkConfig
Running task... Cancel: sbt.server.ServerTaskCancellation@24dba002, check cycles: false
Total time: 1 s, completed 25.11.2017 11:20:47
> server-post-command-cleanup
> server-handle-next-server-request
> root/playForkNotifyStart http://localhost:9000
Evaluating tasks: *:playForkNotifyStart
Running task... Cancel: sbt.server.ServerTaskCancellation@492159ff, check cycles: false
Total time: 0 s, completed 25.11.2017 11:20:48
> server-post-command-cleanup
> server-handle-next-server-request
> {file:/C:/Users/Michi/Desktop/SEM%205-7/Web-Technologie/WebTech/}root/*:playForkReload
Evaluating tasks: *:playForkReload
Running task... Cancel: sbt.server.ServerTaskCancellation@57cfa9ef, check cycles: false

Initial source changes: 
	removed:Set()
	added: Set()
	modified: Set()
Removed products: Set()
External API changes: API Changes: Set()
Modified binary dependencies: Set()
Initial directly invalidated sources: Set()

Sources indirectly invalidated by:
	product: Set()
	binary dep: Set()
	external source: Set()
All initially invalidated sources: Set()

Copy resource mappings: 
	(C:\Users\Michi\Desktop\SEM 5-7\Web-Technologie\WebTech\conf\application.conf,C:\Users\Michi\Desktop\SEM 5-7\Web-Technologie\WebTech\target\scala-2.10\classes\application.conf)
	(C:\Users\Michi\Desktop\SEM 5-7\Web-Technologie\WebTech\conf\routes,C:\Users\Michi\Desktop\SEM 5-7\Web-Technologie\WebTech\target\scala-2.10\classes\routes)
Total time: 2 s, completed 25.11.2017 11:20:52
> server-post-command-cleanup
> server-handle-next-server-request
> jobStop 1
Evaluating tasks: *:jobStop
Running task... Cancel: sbt.server.ServerTaskCancellation@3faa5926, check cycles: false
Total time: 0 s, completed 25.11.2017 11:28:04
> server-post-command-cleanup
> server-handle-next-server-request
> backgroundRun
Evaluating tasks: compile:backgroundRun
Running task... Cancel: sbt.server.ServerTaskCancellation@66194704, check cycles: false
Total time: 0 s, completed 25.11.2017 11:28:12
> server-post-command-cleanup
> server-handle-next-server-request
> {file:/C:/Users/Michi/Desktop/SEM%205-7/Web-Technologie/WebTech/}root/*:playForkConfig
Evaluating tasks: *:playForkConfig
Running task... Cancel: sbt.server.ServerTaskCancellation@e2302f3, check cycles: false
Total time: 1 s, completed 25.11.2017 11:28:16
> server-post-command-cleanup
> server-handle-next-server-request
> root/playForkNotifyStart http://localhost:9000
Evaluating tasks: *:playForkNotifyStart
Running task... Cancel: sbt.server.ServerTaskCancellation@7943a237, check cycles: false
Total time: 0 s, completed 25.11.2017 11:28:17
> server-post-command-cleanup
> server-handle-next-server-request
> jobStop 2
Evaluating tasks: *:jobStop
Running task... Cancel: sbt.server.ServerTaskCancellation@605167e, check cycles: false
Total time: 0 s, completed 25.11.2017 11:50:23
> server-post-command-cleanup
> server-handle-next-server-request
> backgroundRun
Evaluating tasks: compile:backgroundRun
Running task... Cancel: sbt.server.ServerTaskCancellation@64038669, check cycles: false
Total time: 0 s, completed 25.11.2017 11:50:33
> server-post-command-cleanup
> server-handle-next-server-request
> {file:/C:/Users/Michi/Desktop/SEM%205-7/Web-Technologie/WebTech/}root/*:playForkConfig
Evaluating tasks: *:playForkConfig
Running task... Cancel: sbt.server.ServerTaskCancellation@44360a, check cycles: false
Total time: 1 s, completed 25.11.2017 11:50:37
> server-post-command-cleanup
> server-handle-next-server-request
> root/playForkNotifyStart http://localhost:9000
Evaluating tasks: *:playForkNotifyStart
Running task... Cancel: sbt.server.ServerTaskCancellation@69b33085, check cycles: false
Total time: 0 s, completed 25.11.2017 11:50:38
> server-post-command-cleanup
> server-handle-next-server-request
> {file:/C:/Users/Michi/Desktop/SEM%205-7/Web-Technologie/WebTech/}root/*:playForkReload
Evaluating tasks: *:playForkReload
Running task... Cancel: sbt.server.ServerTaskCancellation@2b548b45, check cycles: false

Initial source changes: 
	removed:Set()
	added: Set()
	modified: Set(C:\Users\Michi\Desktop\SEM 5-7\Web-Technologie\WebTech\target\scala-2.10\twirl\main\views\html\fourwinning.template.scala)
Removed products: Set()
External API changes: API Changes: Set()
Modified binary dependencies: Set()
Initial directly invalidated sources: Set(C:\Users\Michi\Desktop\SEM 5-7\Web-Technologie\WebTech\target\scala-2.10\twirl\main\views\html\fourwinning.template.scala)

Sources indirectly invalidated by:
	product: Set()
	binary dep: Set()
	external source: Set()
All initially invalidated sources: Set(C:\Users\Michi\Desktop\SEM 5-7\Web-Technologie\WebTech\target\scala-2.10\twirl\main\views\html\fourwinning.template.scala)

Read from stdout: Compiling 1 Scala source to C:\Users\Michi\Desktop\SEM 5-7\Web-Technologie\WebTech\target\scala-2.10\classes...
Compiling 1 Scala source to C:\Users\Michi\Desktop\SEM 5-7\Web-Technologie\WebTech\target\scala-2.10\classes...
Getting compiler-interface from component compiler for Scala 2.10.4
Getting compiler-interface from component compiler for Scala 2.10.4
Running cached compiler 503bc02f, interfacing (CompilerInterface) with Scala compiler version 2.10.4
Calling Scala compiler with arguments  (CompilerInterface):
	-deprecation
	-unchecked
	-encoding
	utf8
	-bootclasspath
	C:\Program Files\Java\jdk1.8.0_101\jre\lib\resources.jar;C:\Program Files\Java\jdk1.8.0_101\jre\lib\rt.jar;C:\Program Files\Java\jdk1.8.0_101\jre\lib\sunrsasign.jar;C:\Program Files\Java\jdk1.8.0_101\jre\lib\jsse.jar;C:\Program Files\Java\jdk1.8.0_101\jre\lib\jce.jar;C:\Program Files\Java\jdk1.8.0_101\jre\lib\charsets.jar;C:\Program Files\Java\jdk1.8.0_101\jre\lib\jfr.jar;C:\Program Files\Java\jdk1.8.0_101\jre\classes;C:\Users\Michi\.sbt\boot\scala-2.10.4\lib\scala-library.jar
	-classpath
	C:\Users\Michi\Desktop\SEM 5-7\Web-Technologie\WebTech\target\scala-2.10\classes;C:\Users\Michi\Desktop\SEM 5-7\Web-Technologie\WebTech\lib\aopalliance.jar;C:\Users\Michi\Desktop\SEM 5-7\Web-Technologie\WebTech\lib\com.fasterxml.jackson.core.jar;C:\Users\Michi\Desktop\SEM 5-7\Web-Technologie\WebTech\lib\com.fasterxml.jackson.databind.jar;C:\Users\Michi\Desktop\SEM 5-7\Web-Technologie\WebTech\lib\guava-18.0.jar;C:\Users\Michi\Desktop\SEM 5-7\Web-Technologie\WebTech\lib\guice-3.0.jar;C:\Users\Michi\Desktop\SEM 5-7\Web-Technologie\WebTech\lib\javax.inject.jar;C:\Users\Michi\Desktop\SEM 5-7\Web-Technologie\WebTech\lib\log4j-1.2.17.jar;C:\Users\Michi\Desktop\SEM 5-7\Web-Technologie\WebTech\lib\SoftwareArchitecture_main.jar;C:\Users\Michi\.ivy2\cache\com.typesafe.play\twirl-api_2.10\jars\twirl-api_2.10-1.0.2.jar;C:\Users\Michi\.ivy2\cache\org.apache.commons\commons-lang3\jars\commons-lang3-3.1.jar;C:\Users\Michi\.ivy2\cache\com.typesafe.play\play_2.10\jars\play_2.10-2.3.10.jar;C:\Users\Michi\.ivy2\cache\com.typesafe.play\build-link\jars\build-link-2.3.10.jar;C:\Users\Michi\.ivy2\cache\com.typesafe.play\play-exceptions\jars\play-exceptions-2.3.10.jar;C:\Users\Michi\.ivy2\cache\com.typesafe.play\play-iteratees_2.10\jars\play-iteratees_2.10-2.3.10.jar;C:\Users\Michi\Desktop\activator-dist-1.3.10\repository\org.scala-stm\scala-stm_2.10\0.7\jars\scala-stm_2.10.jar;C:\Users\Michi\.ivy2\cache\com.typesafe\config\bundles\config-1.2.1.jar;C:\Users\Michi\.ivy2\cache\com.typesafe.play\play-json_2.10\jars\play-json_2.10-2.3.10.jar;C:\Users\Michi\.ivy2\cache\com.typesafe.play\play-functional_2.10\jars\play-functional_2.10-2.3.10.jar;C:\Users\Michi\.ivy2\cache\com.typesafe.play\play-datacommons_2.10\jars\play-datacommons_2.10-2.3.10.jar;C:\Users\Michi\.ivy2\cache\joda-time\joda-time\jars\joda-time-2.3.jar;C:\Users\Michi\.ivy2\cache\org.joda\joda-convert\jars\joda-convert-1.6.jar;C:\Users\Michi\.ivy2\cache\com.fasterxml.jackson.core\jackson-annotations\bundles\jackson-annotations-2.3.2.jar;C:\Users\Michi\.ivy2\cache\com.fasterxml.jackson.core\jackson-core\bundles\jackson-core-2.3.2.jar;C:\Users\Michi\.ivy2\cache\com.fasterxml.jackson.core\jackson-databind\bundles\jackson-databind-2.3.2.jar;C:\Users\Michi\.sbt\boot\scala-2.10.4\lib\scala-reflect.jar;C:\Users\Michi\.ivy2\cache\io.netty\netty\bundles\netty-3.9.9.Final.jar;C:\Users\Michi\.ivy2\cache\com.typesafe.netty\netty-http-pipelining\jars\netty-http-pipelining-1.1.2.jar;C:\Users\Michi\.ivy2\cache\org.slf4j\slf4j-api\jars\slf4j-api-1.7.6.jar;C:\Users\Michi\.ivy2\cache\org.slf4j\jul-to-slf4j\jars\jul-to-slf4j-1.7.6.jar;C:\Users\Michi\.ivy2\cache\org.slf4j\jcl-over-slf4j\jars\jcl-over-slf4j-1.7.6.jar;C:\Users\Michi\.ivy2\cache\ch.qos.logback\logback-core\jars\logback-core-1.1.1.jar;C:\Users\Michi\.ivy2\cache\ch.qos.logback\logback-classic\jars\logback-classic-1.1.1.jar;C:\Users\Michi\.ivy2\cache\com.typesafe.akka\akka-actor_2.10\jars\akka-actor_2.10-2.3.4.jar;C:\Users\Michi\.ivy2\cache\com.typesafe.akka\akka-slf4j_2.10\jars\akka-slf4j_2.10-2.3.4.jar;C:\Users\Michi\.ivy2\cache\commons-codec\commons-codec\jars\commons-codec-1.9.jar;C:\Users\Michi\.ivy2\cache\xerces\xercesImpl\jars\xercesImpl-2.11.0.jar;C:\Users\Michi\.ivy2\cache\xml-apis\xml-apis\jars\xml-apis-1.4.01.jar;C:\Users\Michi\.ivy2\cache\javax.transaction\jta\jars\jta-1.1.jar;C:\Users\Michi\.ivy2\cache\com.typesafe.play\play-java_2.10\jars\play-java_2.10-2.3.10.jar;C:\Users\Michi\.ivy2\cache\org.yaml\snakeyaml\bundles\snakeyaml-1.13.jar;C:\Users\Michi\Desktop\activator-dist-1.3.10\repository\org.hibernate\hibernate-validator\5.0.3.Final\jars\hibernate-validator.jar;C:\Users\Michi\Desktop\activator-dist-1.3.10\repository\javax.validation\validation-api\1.1.0.Final\jars\validation-api.jar;C:\Users\Michi\.ivy2\cache\org.jboss.logging\jboss-logging\jars\jboss-logging-3.2.0.Final.jar;C:\Users\Michi\Desktop\activator-dist-1.3.10\repository\com.fasterxml\classmate\1.0.0\bundles\classmate.jar;C:\Users\Michi\.ivy2\cache\org.springframework\spring-context\jars\spring-context-4.0.3.RELEASE.jar;C:\Users\Michi\.ivy2\cache\org.springframework\spring-core\jars\spring-core-4.0.3.RELEASE.jar;C:\Users\Michi\.ivy2\cache\org.springframework\spring-beans\jars\spring-beans-4.0.3.RELEASE.jar;C:\Users\Michi\Desktop\activator-dist-1.3.10\repository\org.javassist\javassist\3.19.0-GA\bundles\javassist.jar;C:\Users\Michi\.ivy2\cache\org.reflections\reflections\jars\reflections-0.9.8.jar;C:\Users\Michi\.ivy2\cache\com.google.guava\guava\bundles\guava-16.0.1.jar;C:\Users\Michi\.ivy2\cache\dom4j\dom4j\jars\dom4j-1.6.1.jar;C:\Users\Michi\Desktop\activator-dist-1.3.10\repository\com.google.code.findbugs\jsr305\2.0.3\jars\jsr305.jar;C:\Users\Michi\.ivy2\cache\org.apache.tomcat\tomcat-servlet-api\jars\tomcat-servlet-api-8.0.5.jar;C:\Users\Michi\.ivy2\cache\org.webjars\webjars-play_2.10\jars\webjars-play_2.10-2.2.2.jar;C:\Users\Michi\.ivy2\cache\org.webjars\requirejs\jars\requirejs-2.1.10.jar;C:\Users\Michi\.ivy2\cache\org.webjars\webjars-locator\jars\webjars-locator-0.13.jar;C:\Users\Michi\.ivy2\cache\org.webjars\bootstrap\jars\bootstrap-2.3.1.jar;C:\Users\Michi\Desktop\activator-dist-1.3.10\repository\org.webjars\jquery\1.9.0\jars\jquery.jar;C:\Users\Michi\.ivy2\cache\com.typesafe.play\play-java-jdbc_2.10\jars\play-java-jdbc_2.10-2.3.10.jar;C:\Users\Michi\.ivy2\cache\com.typesafe.play\play-jdbc_2.10\jars\play-jdbc_2.10-2.3.10.jar;C:\Users\Michi\Desktop\activator-dist-1.3.10\repository\com.jolbox\bonecp\0.8.0.RELEASE\bundles\bonecp.jar;C:\Users\Michi\Desktop\activator-dist-1.3.10\repository\com.h2database\h2\1.3.175\jars\h2.jar;C:\Users\Michi\Desktop\activator-dist-1.3.10\repository\tyrex\tyrex\1.0.1\jars\tyrex.jar;C:\Users\Michi\.ivy2\cache\com.typesafe.play\play-java-ebean_2.10\jars\play-java-ebean_2.10-2.3.10.jar;C:\Users\Michi\.ivy2\cache\org.avaje.ebeanorm\avaje-ebeanorm\jars\avaje-ebeanorm-3.3.4.jar;C:\Users\Michi\.ivy2\cache\org.avaje.ebeanorm\avaje-ebeanorm-agent\jars\avaje-ebeanorm-agent-3.2.2.jar;C:\Users\Michi\.ivy2\cache\org.hibernate.javax.persistence\hibernate-jpa-2.0-api\jars\hibernate-jpa-2.0-api-1.0.1.Final.jar;C:\Users\Michi\.ivy2\cache\com.typesafe.play\play-cache_2.10\jars\play-cache_2.10-2.3.10.jar;C:\Users\Michi\.ivy2\cache\net.sf.ehcache\ehcache-core\jars\ehcache-core-2.6.8.jar
Scala compilation took 2.592191666 s
New invalidations:
	Set()
Initial set of included nodes: Set()
Previously invalidated, but (transitively) depend on new invalidations:
	Set()
All newly invalidated sources after taking into account (previously) recompiled sources:Set()
Copy resource mappings: 
	(C:\Users\Michi\Desktop\SEM 5-7\Web-Technologie\WebTech\conf\application.conf,C:\Users\Michi\Desktop\SEM 5-7\Web-Technologie\WebTech\target\scala-2.10\classes\application.conf)
	(C:\Users\Michi\Desktop\SEM 5-7\Web-Technologie\WebTech\conf\routes,C:\Users\Michi\Desktop\SEM 5-7\Web-Technologie\WebTech\target\scala-2.10\classes\routes)
Total time: 5 s, completed 25.11.2017 11:50:44
> server-post-command-cleanup
> server-handle-next-server-request
> compile
Evaluating tasks: compile:compile
Running task... Cancel: sbt.server.ServerTaskCancellation@18d2214a, check cycles: false

Initial source changes: 
	removed:Set()
	added: Set()
	modified: Set()
Removed products: Set()
External API changes: API Changes: Set()
Modified binary dependencies: Set()
Initial directly invalidated sources: Set()

Sources indirectly invalidated by:
	product: Set()
	binary dep: Set()
	external source: Set()
All initially invalidated sources: Set()

Total time: 1 s, completed 25.11.2017 11:55:48
> server-post-command-cleanup
> server-handle-next-server-request
> jobStop 3
Evaluating tasks: *:jobStop
Running task... Cancel: sbt.server.ServerTaskCancellation@4c1c7ae, check cycles: false
Total time: 0 s, completed 25.11.2017 11:55:51
> server-post-command-cleanup
> server-handle-next-server-request
> backgroundRun
Evaluating tasks: compile:backgroundRun
Running task... Cancel: sbt.server.ServerTaskCancellation@1487c64d, check cycles: false
Total time: 0 s, completed 25.11.2017 11:56:00
> server-post-command-cleanup
> server-handle-next-server-request
> {file:/C:/Users/Michi/Desktop/SEM%205-7/Web-Technologie/WebTech/}root/*:playForkConfig
Evaluating tasks: *:playForkConfig
Running task... Cancel: sbt.server.ServerTaskCancellation@31a880c9, check cycles: false
Total time: 1 s, completed 25.11.2017 11:56:04
> server-post-command-cleanup
> server-handle-next-server-request
> root/playForkNotifyStart http://localhost:9000
Evaluating tasks: *:playForkNotifyStart
Running task... Cancel: sbt.server.ServerTaskCancellation@74569622, check cycles: false
Total time: 0 s, completed 25.11.2017 11:56:05
> server-post-command-cleanup
> server-handle-next-server-request
> {file:/C:/Users/Michi/Desktop/SEM%205-7/Web-Technologie/WebTech/}root/*:playForkReload
Evaluating tasks: *:playForkReload
Running task... Cancel: sbt.server.ServerTaskCancellation@23c770f, check cycles: false

Initial source changes: 
	removed:Set()
	added: Set()
	modified: Set()
Removed products: Set()
External API changes: API Changes: Set()
Modified binary dependencies: Set()
Initial directly invalidated sources: Set()

Sources indirectly invalidated by:
	product: Set()
	binary dep: Set()
	external source: Set()
All initially invalidated sources: Set()

Copy resource mappings: 
	(C:\Users\Michi\Desktop\SEM 5-7\Web-Technologie\WebTech\conf\application.conf,C:\Users\Michi\Desktop\SEM 5-7\Web-Technologie\WebTech\target\scala-2.10\classes\application.conf)
	(C:\Users\Michi\Desktop\SEM 5-7\Web-Technologie\WebTech\conf\routes,C:\Users\Michi\Desktop\SEM 5-7\Web-Technologie\WebTech\target\scala-2.10\classes\routes)
Total time: 2 s, completed 25.11.2017 11:56:28
> server-post-command-cleanup
> server-handle-next-server-request
> backgroundRun
Evaluating tasks: compile:backgroundRun
Running task... Cancel: sbt.server.ServerTaskCancellation@19dbb73f, check cycles: false
Total time: 0 s, completed 25.11.2017 11:57:16
> server-post-command-cleanup
> server-handle-next-server-request
> {file:/C:/Users/Michi/Desktop/SEM%205-7/Web-Technologie/WebTech/}root/*:playForkConfig
Evaluating tasks: *:playForkConfig
Running task... Cancel: sbt.server.ServerTaskCancellation@45b92a5d, check cycles: false
Total time: 1 s, completed 25.11.2017 11:57:20
> server-post-command-cleanup
> server-handle-next-server-request
> jobStop 4
Evaluating tasks: *:jobStop
Running task... Cancel: sbt.server.ServerTaskCancellation@265fb0ce, check cycles: false
Total time: 0 s, completed 25.11.2017 11:57:23
> server-post-command-cleanup
> server-handle-next-server-request
> jobStop 5
Evaluating tasks: *:jobStop
Running task... Cancel: sbt.server.ServerTaskCancellation@3f1d513c, check cycles: false
Total time: 0 s, completed 25.11.2017 11:57:24
> server-post-command-cleanup
> server-handle-next-server-request
> backgroundRun
Evaluating tasks: compile:backgroundRun
Running task... Cancel: sbt.server.ServerTaskCancellation@4d013f7e, check cycles: false
Total time: 0 s, completed 25.11.2017 11:57:31
> server-post-command-cleanup
> server-handle-next-server-request
> {file:/C:/Users/Michi/Desktop/SEM%205-7/Web-Technologie/WebTech/}root/*:playForkConfig
Evaluating tasks: *:playForkConfig
Running task... Cancel: sbt.server.ServerTaskCancellation@475aaf99, check cycles: false
Total time: 1 s, completed 25.11.2017 11:57:34
> server-post-command-cleanup
> server-handle-next-server-request
> root/playForkNotifyStart http://localhost:9000
Evaluating tasks: *:playForkNotifyStart
Running task... Cancel: sbt.server.ServerTaskCancellation@5b5fdc5a, check cycles: false
Total time: 0 s, completed 25.11.2017 11:57:35
> server-post-command-cleanup
> server-handle-next-server-request
> {file:/C:/Users/Michi/Desktop/SEM%205-7/Web-Technologie/WebTech/}root/*:playForkReload
Evaluating tasks: *:playForkReload
Running task... Cancel: sbt.server.ServerTaskCancellation@2773d4ed, check cycles: false

Initial source changes: 
	removed:Set()
	added: Set()
	modified: Set()
Removed products: Set()
External API changes: API Changes: Set()
Modified binary dependencies: Set()
Initial directly invalidated sources: Set()

Sources indirectly invalidated by:
	product: Set()
	binary dep: Set()
	external source: Set()
All initially invalidated sources: Set()

Copy resource mappings: 
	(C:\Users\Michi\Desktop\SEM 5-7\Web-Technologie\WebTech\conf\application.conf,C:\Users\Michi\Desktop\SEM 5-7\Web-Technologie\WebTech\target\scala-2.10\classes\application.conf)
	(C:\Users\Michi\Desktop\SEM 5-7\Web-Technologie\WebTech\conf\routes,C:\Users\Michi\Desktop\SEM 5-7\Web-Technologie\WebTech\target\scala-2.10\classes\routes)
Total time: 2 s, completed 25.11.2017 11:57:39
> server-post-command-cleanup
> server-handle-next-server-request
> jobStop 6
Evaluating tasks: *:jobStop
Running task... Cancel: sbt.server.ServerTaskCancellation@62c746eb, check cycles: false
Total time: 0 s, completed 25.11.2017 12:03:30
> server-post-command-cleanup
> server-handle-next-server-request
> backgroundRun
Evaluating tasks: compile:backgroundRun
Running task... Cancel: sbt.server.ServerTaskCancellation@13545318, check cycles: false
Total time: 0 s, completed 25.11.2017 12:03:35
> server-post-command-cleanup
> server-handle-next-server-request
> {file:/C:/Users/Michi/Desktop/SEM%205-7/Web-Technologie/WebTech/}root/*:playForkConfig
Evaluating tasks: *:playForkConfig
Running task... Cancel: sbt.server.ServerTaskCancellation@38d927c0, check cycles: false
Total time: 1 s, completed 25.11.2017 12:03:38
> server-post-command-cleanup
> server-handle-next-server-request
> root/playForkNotifyStart http://localhost:9000
Evaluating tasks: *:playForkNotifyStart
Running task... Cancel: sbt.server.ServerTaskCancellation@18dfb7c5, check cycles: false
Total time: 0 s, completed 25.11.2017 12:03:39
> server-post-command-cleanup
> server-handle-next-server-request
> {file:/C:/Users/Michi/Desktop/SEM%205-7/Web-Technologie/WebTech/}root/compile:mainClass
Evaluating tasks: compile:mainClass
Running task... Cancel: sbt.server.ServerTaskCancellation@64720113, check cycles: false
Total time: 0 s, completed 25.11.2017 12:03:50
> server-post-command-cleanup
> server-handle-next-server-request
> {file:/C:/Users/Michi/Desktop/SEM%205-7/Web-Technologie/WebTech/}root/compile:discoveredMainClasses
Evaluating tasks: compile:discoveredMainClasses
Running task... Cancel: sbt.server.ServerTaskCancellation@21ebb164, check cycles: false

Initial source changes: 
	removed:Set()
	added: Set()
	modified: Set()
Removed products: Set()
External API changes: API Changes: Set()
Modified binary dependencies: Set()
Initial directly invalidated sources: Set()

Sources indirectly invalidated by:
	product: Set()
	binary dep: Set()
	external source: Set()
All initially invalidated sources: Set()

Total time: 1 s, completed 25.11.2017 12:03:51
> server-post-command-cleanup
> server-handle-next-server-request
Done executing sbt server engine, result Right(Exit(0))
Closing listening server socket
Waiting for socket thread
Waiting for request processor thread
Waiting for command engine result
Returning control to sbt launcher with result Exit(0)
Closing the 1456@Michi-PC logs at Sat Nov 25 12:03:52 CET 2017, goodbye.
